Started GET "/" for ::1 at 2017-06-08 15:49:20 +0530
Processing by Rails::WelcomeController#index as HTML
  Rendering /Users/manish.singh/.rvm/gems/ruby-2.4.0/gems/railties-5.1.1/lib/rails/templates/rails/welcome/index.html.erb
  Rendered /Users/manish.singh/.rvm/gems/ruby-2.4.0/gems/railties-5.1.1/lib/rails/templates/rails/welcome/index.html.erb (3.5ms)
Completed 200 OK in 136ms (Views: 8.4ms)


Started GET "/" for ::1 at 2017-06-08 15:49:31 +0530
Processing by Rails::WelcomeController#index as */*
  Rendering /Users/manish.singh/.rvm/gems/ruby-2.4.0/gems/railties-5.1.1/lib/rails/templates/rails/welcome/index.html.erb
  Rendered /Users/manish.singh/.rvm/gems/ruby-2.4.0/gems/railties-5.1.1/lib/rails/templates/rails/welcome/index.html.erb (3.8ms)
Completed 200 OK in 46ms (Views: 23.0ms)


Started GET "/" for 127.0.0.1 at 2017-06-08 15:56:37 +0530
Processing by Rails::WelcomeController#index as HTML
  Rendering /Users/manish.singh/.rvm/gems/ruby-2.4.0/gems/railties-5.1.1/lib/rails/templates/rails/welcome/index.html.erb
  Rendered /Users/manish.singh/.rvm/gems/ruby-2.4.0/gems/railties-5.1.1/lib/rails/templates/rails/welcome/index.html.erb (3.4ms)
Completed 200 OK in 227ms (Views: 8.6ms)


Started GET "/" for 127.0.0.1 at 2017-06-08 15:57:02 +0530
Processing by Rails::WelcomeController#index as HTML
  Rendering /Users/manish.singh/.rvm/gems/ruby-2.4.0/gems/railties-5.1.1/lib/rails/templates/rails/welcome/index.html.erb
  Rendered /Users/manish.singh/.rvm/gems/ruby-2.4.0/gems/railties-5.1.1/lib/rails/templates/rails/welcome/index.html.erb (3.7ms)
Completed 200 OK in 127ms (Views: 7.6ms)


Started GET "/" for 127.0.0.1 at 2017-06-08 16:47:29 +0530
  
ActiveRecord::PendingMigrationError (

Migrations are pending. To resolve this issue, run:

        bin/rails db:migrate RAILS_ENV=development

):
  
activerecord (5.1.1) lib/active_record/migration.rb:576:in `check_pending!'
activerecord (5.1.1) lib/active_record/migration.rb:553:in `call'
actionpack (5.1.1) lib/action_dispatch/middleware/callbacks.rb:26:in `block in call'
activesupport (5.1.1) lib/active_support/callbacks.rb:97:in `run_callbacks'
actionpack (5.1.1) lib/action_dispatch/middleware/callbacks.rb:24:in `call'
actionpack (5.1.1) lib/action_dispatch/middleware/executor.rb:12:in `call'
actionpack (5.1.1) lib/action_dispatch/middleware/debug_exceptions.rb:59:in `call'
web-console (3.5.1) lib/web_console/middleware.rb:135:in `call_app'
web-console (3.5.1) lib/web_console/middleware.rb:28:in `block in call'
web-console (3.5.1) lib/web_console/middleware.rb:18:in `catch'
web-console (3.5.1) lib/web_console/middleware.rb:18:in `call'
actionpack (5.1.1) lib/action_dispatch/middleware/show_exceptions.rb:31:in `call'
railties (5.1.1) lib/rails/rack/logger.rb:36:in `call_app'
railties (5.1.1) lib/rails/rack/logger.rb:24:in `block in call'
activesupport (5.1.1) lib/active_support/tagged_logging.rb:69:in `block in tagged'
activesupport (5.1.1) lib/active_support/tagged_logging.rb:26:in `tagged'
activesupport (5.1.1) lib/active_support/tagged_logging.rb:69:in `tagged'
railties (5.1.1) lib/rails/rack/logger.rb:24:in `call'
sprockets-rails (3.2.0) lib/sprockets/rails/quiet_assets.rb:13:in `call'
actionpack (5.1.1) lib/action_dispatch/middleware/remote_ip.rb:79:in `call'
actionpack (5.1.1) lib/action_dispatch/middleware/request_id.rb:25:in `call'
rack (2.0.3) lib/rack/method_override.rb:22:in `call'
rack (2.0.3) lib/rack/runtime.rb:22:in `call'
activesupport (5.1.1) lib/active_support/cache/strategy/local_cache_middleware.rb:27:in `call'
actionpack (5.1.1) lib/action_dispatch/middleware/executor.rb:12:in `call'
actionpack (5.1.1) lib/action_dispatch/middleware/static.rb:125:in `call'
rack (2.0.3) lib/rack/sendfile.rb:111:in `call'
railties (5.1.1) lib/rails/engine.rb:522:in `call'
puma (3.9.1) lib/puma/configuration.rb:224:in `call'
puma (3.9.1) lib/puma/server.rb:602:in `handle_request'
puma (3.9.1) lib/puma/server.rb:435:in `process_client'
puma (3.9.1) lib/puma/server.rb:299:in `block in run'
puma (3.9.1) lib/puma/thread_pool.rb:120:in `block in spawn_thread'
Started PUT "/__web_console/repl_sessions/2f63d89ec39a28c8367452dba207dd86" for 127.0.0.1 at 2017-06-08 16:47:37 +0530
Started PUT "/__web_console/repl_sessions/2f63d89ec39a28c8367452dba207dd86" for 127.0.0.1 at 2017-06-08 16:47:41 +0530
Started PUT "/__web_console/repl_sessions/2f63d89ec39a28c8367452dba207dd86" for 127.0.0.1 at 2017-06-08 16:47:48 +0530
Started PUT "/__web_console/repl_sessions/2f63d89ec39a28c8367452dba207dd86" for 127.0.0.1 at 2017-06-08 16:47:48 +0530
  [1m[35m (0.1ms)[0m  [1m[34mSELECT sqlite_version(*)[0m
  [1m[35m (7.1ms)[0m  [1m[35mCREATE TABLE "schema_migrations" ("version" varchar NOT NULL PRIMARY KEY)[0m
  [1m[35m (1.0ms)[0m  [1m[35mCREATE TABLE "ar_internal_metadata" ("key" varchar NOT NULL PRIMARY KEY, "value" varchar, "created_at" datetime NOT NULL, "updated_at" datetime NOT NULL)[0m
  [1m[35m (0.2ms)[0m  [1m[34mSELECT "schema_migrations"."version" FROM "schema_migrations" ORDER BY "schema_migrations"."version" ASC[0m
Migrating to CreateIdeas (20170608111601)
  [1m[35m (0.1ms)[0m  [1m[36mbegin transaction[0m
  [1m[35m (0.4ms)[0m  [1m[35mCREATE TABLE "ideas" ("id" INTEGER PRIMARY KEY AUTOINCREMENT NOT NULL, "name" varchar, "description" text, "picture" varchar, "created_at" datetime NOT NULL, "updated_at" datetime NOT NULL)[0m
  [1m[35mSQL (0.1ms)[0m  [1m[32mINSERT INTO "schema_migrations" ("version") VALUES (?)[0m  [["version", "20170608111601"]]
  [1m[35m (0.8ms)[0m  [1m[36mcommit transaction[0m
  [1m[36mActiveRecord::InternalMetadata Load (0.1ms)[0m  [1m[34mSELECT  "ar_internal_metadata".* FROM "ar_internal_metadata" WHERE "ar_internal_metadata"."key" = ? LIMIT ?[0m  [["key", "environment"], ["LIMIT", 1]]
  [1m[35m (0.0ms)[0m  [1m[36mbegin transaction[0m
  [1m[35mSQL (0.2ms)[0m  [1m[32mINSERT INTO "ar_internal_metadata" ("key", "value", "created_at", "updated_at") VALUES (?, ?, ?, ?)[0m  [["key", "environment"], ["value", "development"], ["created_at", "2017-06-08 11:23:07.404170"], ["updated_at", "2017-06-08 11:23:07.404170"]]
  [1m[35m (0.9ms)[0m  [1m[36mcommit transaction[0m
  [1m[35m (0.1ms)[0m  [1m[34mSELECT "schema_migrations"."version" FROM "schema_migrations" ORDER BY "schema_migrations"."version" ASC[0m
  [1m[35m (0.1ms)[0m  [1m[34mSELECT "schema_migrations"."version" FROM "schema_migrations" ORDER BY "schema_migrations"."version" ASC[0m
Started GET "/" for 127.0.0.1 at 2017-06-08 16:54:04 +0530
  [1m[35m (0.1ms)[0m  [1m[34mSELECT "schema_migrations"."version" FROM "schema_migrations" ORDER BY "schema_migrations"."version" ASC[0m
Processing by Rails::WelcomeController#index as HTML
  Rendering /Users/manish.singh/.rvm/gems/ruby-2.4.0/gems/railties-5.1.1/lib/rails/templates/rails/welcome/index.html.erb
  Rendered /Users/manish.singh/.rvm/gems/ruby-2.4.0/gems/railties-5.1.1/lib/rails/templates/rails/welcome/index.html.erb (2.8ms)
Completed 200 OK in 20ms (Views: 7.0ms | ActiveRecord: 0.0ms)


Started GET "/idea" for 127.0.0.1 at 2017-06-08 16:56:32 +0530
  
ActionController::RoutingError (No route matches [GET] "/idea"):
  
actionpack (5.1.1) lib/action_dispatch/middleware/debug_exceptions.rb:63:in `call'
web-console (3.5.1) lib/web_console/middleware.rb:135:in `call_app'
web-console (3.5.1) lib/web_console/middleware.rb:28:in `block in call'
web-console (3.5.1) lib/web_console/middleware.rb:18:in `catch'
web-console (3.5.1) lib/web_console/middleware.rb:18:in `call'
actionpack (5.1.1) lib/action_dispatch/middleware/show_exceptions.rb:31:in `call'
railties (5.1.1) lib/rails/rack/logger.rb:36:in `call_app'
railties (5.1.1) lib/rails/rack/logger.rb:24:in `block in call'
activesupport (5.1.1) lib/active_support/tagged_logging.rb:69:in `block in tagged'
activesupport (5.1.1) lib/active_support/tagged_logging.rb:26:in `tagged'
activesupport (5.1.1) lib/active_support/tagged_logging.rb:69:in `tagged'
railties (5.1.1) lib/rails/rack/logger.rb:24:in `call'
sprockets-rails (3.2.0) lib/sprockets/rails/quiet_assets.rb:13:in `call'
actionpack (5.1.1) lib/action_dispatch/middleware/remote_ip.rb:79:in `call'
actionpack (5.1.1) lib/action_dispatch/middleware/request_id.rb:25:in `call'
rack (2.0.3) lib/rack/method_override.rb:22:in `call'
rack (2.0.3) lib/rack/runtime.rb:22:in `call'
activesupport (5.1.1) lib/active_support/cache/strategy/local_cache_middleware.rb:27:in `call'
actionpack (5.1.1) lib/action_dispatch/middleware/executor.rb:12:in `call'
actionpack (5.1.1) lib/action_dispatch/middleware/static.rb:125:in `call'
rack (2.0.3) lib/rack/sendfile.rb:111:in `call'
railties (5.1.1) lib/rails/engine.rb:522:in `call'
puma (3.9.1) lib/puma/configuration.rb:224:in `call'
puma (3.9.1) lib/puma/server.rb:602:in `handle_request'
puma (3.9.1) lib/puma/server.rb:435:in `process_client'
puma (3.9.1) lib/puma/server.rb:299:in `block in run'
puma (3.9.1) lib/puma/thread_pool.rb:120:in `block in spawn_thread'
Started GET "/ideas" for 127.0.0.1 at 2017-06-08 16:57:13 +0530
Processing by IdeasController#index as HTML
  Rendering ideas/index.html.erb within layouts/application
  [1m[36mIdea Load (0.1ms)[0m  [1m[34mSELECT "ideas".* FROM "ideas"[0m
  Rendered ideas/index.html.erb within layouts/application (3.0ms)
Completed 200 OK in 375ms (Views: 362.9ms | ActiveRecord: 0.6ms)


Started GET "/ideas" for 127.0.0.1 at 2017-06-08 17:08:38 +0530
Processing by IdeasController#index as HTML
  Rendering ideas/index.html.erb within layouts/application
  [1m[36mIdea Load (0.4ms)[0m  [1m[34mSELECT "ideas".* FROM "ideas"[0m
  Rendered ideas/index.html.erb within layouts/application (1.9ms)
Completed 200 OK in 19ms (Views: 17.0ms | ActiveRecord: 0.4ms)


Started GET "/" for 127.0.0.1 at 2017-06-08 17:08:46 +0530
Processing by Rails::WelcomeController#index as HTML
  Rendering /Users/manish.singh/.rvm/gems/ruby-2.4.0/gems/railties-5.1.1/lib/rails/templates/rails/welcome/index.html.erb
  Rendered /Users/manish.singh/.rvm/gems/ruby-2.4.0/gems/railties-5.1.1/lib/rails/templates/rails/welcome/index.html.erb (3.0ms)
Completed 200 OK in 11ms (Views: 7.0ms | ActiveRecord: 0.0ms)


Started GET "/" for 127.0.0.1 at 2017-06-08 17:08:46 +0530
Processing by Rails::WelcomeController#index as HTML
  Rendering /Users/manish.singh/.rvm/gems/ruby-2.4.0/gems/railties-5.1.1/lib/rails/templates/rails/welcome/index.html.erb
  Rendered /Users/manish.singh/.rvm/gems/ruby-2.4.0/gems/railties-5.1.1/lib/rails/templates/rails/welcome/index.html.erb (2.2ms)
Completed 200 OK in 7ms (Views: 4.2ms | ActiveRecord: 0.0ms)


Started GET "/ideas" for 127.0.0.1 at 2017-06-08 17:08:50 +0530
Processing by IdeasController#index as HTML
  Rendering ideas/index.html.erb within layouts/application
  [1m[36mIdea Load (0.3ms)[0m  [1m[34mSELECT "ideas".* FROM "ideas"[0m
  Rendered ideas/index.html.erb within layouts/application (1.9ms)
Completed 200 OK in 20ms (Views: 17.7ms | ActiveRecord: 0.3ms)


Started GET "/" for 127.0.0.1 at 2017-06-08 17:08:53 +0530
Processing by Rails::WelcomeController#index as HTML
  Rendering /Users/manish.singh/.rvm/gems/ruby-2.4.0/gems/railties-5.1.1/lib/rails/templates/rails/welcome/index.html.erb
  Rendered /Users/manish.singh/.rvm/gems/ruby-2.4.0/gems/railties-5.1.1/lib/rails/templates/rails/welcome/index.html.erb (3.0ms)
Completed 200 OK in 11ms (Views: 6.7ms | ActiveRecord: 0.0ms)


Started GET "/" for 127.0.0.1 at 2017-06-08 17:08:53 +0530
Processing by Rails::WelcomeController#index as HTML
  Rendering /Users/manish.singh/.rvm/gems/ruby-2.4.0/gems/railties-5.1.1/lib/rails/templates/rails/welcome/index.html.erb
  Rendered /Users/manish.singh/.rvm/gems/ruby-2.4.0/gems/railties-5.1.1/lib/rails/templates/rails/welcome/index.html.erb (2.9ms)
Completed 200 OK in 9ms (Views: 5.9ms | ActiveRecord: 0.0ms)


Started GET "/ideas" for 127.0.0.1 at 2017-06-08 17:08:57 +0530
Processing by IdeasController#index as HTML
  Rendering ideas/index.html.erb within layouts/application
  [1m[36mIdea Load (0.2ms)[0m  [1m[34mSELECT "ideas".* FROM "ideas"[0m
  Rendered ideas/index.html.erb within layouts/application (1.3ms)
Completed 200 OK in 18ms (Views: 16.0ms | ActiveRecord: 0.2ms)


Started GET "/ideas" for 127.0.0.1 at 2017-06-08 17:10:41 +0530
Processing by IdeasController#index as HTML
  Rendering ideas/index.html.erb within layouts/application
  [1m[36mIdea Load (0.2ms)[0m  [1m[34mSELECT "ideas".* FROM "ideas"[0m
  Rendered ideas/index.html.erb within layouts/application (1.5ms)
Completed 200 OK in 25ms (Views: 22.7ms | ActiveRecord: 0.2ms)


Started GET "/" for 127.0.0.1 at 2017-06-08 17:40:41 +0530
  [1m[35m (0.1ms)[0m  [1m[34mSELECT "schema_migrations"."version" FROM "schema_migrations" ORDER BY "schema_migrations"."version" ASC[0m
Processing by Rails::WelcomeController#index as HTML
  Rendering /Users/manish.singh/.rvm/gems/ruby-2.4.0/gems/railties-5.1.1/lib/rails/templates/rails/welcome/index.html.erb
  Rendered /Users/manish.singh/.rvm/gems/ruby-2.4.0/gems/railties-5.1.1/lib/rails/templates/rails/welcome/index.html.erb (2.8ms)
Completed 200 OK in 18ms (Views: 6.8ms | ActiveRecord: 0.0ms)


Started GET "/ideas" for 127.0.0.1 at 2017-06-08 17:40:46 +0530
Processing by IdeasController#index as HTML
  Rendering ideas/index.html.erb within layouts/application
  [1m[36mIdea Load (0.2ms)[0m  [1m[34mSELECT "ideas".* FROM "ideas"[0m
  Rendered ideas/index.html.erb within layouts/application (3.4ms)
Completed 200 OK in 172ms (Views: 163.1ms | ActiveRecord: 0.7ms)


Started GET "/" for 127.0.0.1 at 2017-06-08 17:40:47 +0530
Processing by Rails::WelcomeController#index as HTML
  Rendering /Users/manish.singh/.rvm/gems/ruby-2.4.0/gems/railties-5.1.1/lib/rails/templates/rails/welcome/index.html.erb
  Rendered /Users/manish.singh/.rvm/gems/ruby-2.4.0/gems/railties-5.1.1/lib/rails/templates/rails/welcome/index.html.erb (3.0ms)
Completed 200 OK in 10ms (Views: 6.3ms | ActiveRecord: 0.0ms)


Started GET "/" for 127.0.0.1 at 2017-06-08 17:40:47 +0530
Processing by Rails::WelcomeController#index as HTML
  Rendering /Users/manish.singh/.rvm/gems/ruby-2.4.0/gems/railties-5.1.1/lib/rails/templates/rails/welcome/index.html.erb
  Rendered /Users/manish.singh/.rvm/gems/ruby-2.4.0/gems/railties-5.1.1/lib/rails/templates/rails/welcome/index.html.erb (2.6ms)
Completed 200 OK in 8ms (Views: 4.7ms | ActiveRecord: 0.0ms)


Started GET "/ideas" for 127.0.0.1 at 2017-06-08 17:40:51 +0530
Processing by IdeasController#index as HTML
  Rendering ideas/index.html.erb within layouts/application
  [1m[36mIdea Load (0.2ms)[0m  [1m[34mSELECT "ideas".* FROM "ideas"[0m
  Rendered ideas/index.html.erb within layouts/application (1.5ms)
Completed 200 OK in 20ms (Views: 17.5ms | ActiveRecord: 0.2ms)


Started GET "/ideas" for 127.0.0.1 at 2017-06-08 17:40:52 +0530
Processing by IdeasController#index as HTML
  Rendering ideas/index.html.erb within layouts/application
  [1m[36mIdea Load (0.5ms)[0m  [1m[34mSELECT "ideas".* FROM "ideas"[0m
  Rendered ideas/index.html.erb within layouts/application (2.1ms)
Completed 200 OK in 31ms (Views: 28.0ms | ActiveRecord: 0.5ms)


Started GET "/" for 127.0.0.1 at 2017-06-08 17:40:53 +0530
Processing by Rails::WelcomeController#index as HTML
  Rendering /Users/manish.singh/.rvm/gems/ruby-2.4.0/gems/railties-5.1.1/lib/rails/templates/rails/welcome/index.html.erb
  Rendered /Users/manish.singh/.rvm/gems/ruby-2.4.0/gems/railties-5.1.1/lib/rails/templates/rails/welcome/index.html.erb (3.7ms)
Completed 200 OK in 12ms (Views: 7.4ms | ActiveRecord: 0.0ms)


Started GET "/" for 127.0.0.1 at 2017-06-08 17:40:53 +0530
Processing by Rails::WelcomeController#index as HTML
  Rendering /Users/manish.singh/.rvm/gems/ruby-2.4.0/gems/railties-5.1.1/lib/rails/templates/rails/welcome/index.html.erb
  Rendered /Users/manish.singh/.rvm/gems/ruby-2.4.0/gems/railties-5.1.1/lib/rails/templates/rails/welcome/index.html.erb (2.3ms)
Completed 200 OK in 7ms (Views: 4.4ms | ActiveRecord: 0.0ms)


Started GET "/ideas" for 127.0.0.1 at 2017-06-08 17:40:58 +0530
Processing by IdeasController#index as HTML
  Rendering ideas/index.html.erb within layouts/application
  [1m[36mIdea Load (0.2ms)[0m  [1m[34mSELECT "ideas".* FROM "ideas"[0m
  Rendered ideas/index.html.erb within layouts/application (1.3ms)
Completed 200 OK in 19ms (Views: 16.6ms | ActiveRecord: 0.2ms)


Started GET "/ideas/new" for 127.0.0.1 at 2017-06-08 17:41:27 +0530
Processing by IdeasController#new as HTML
  Rendering ideas/new.html.erb within layouts/application
  Rendered ideas/_form.html.erb (20.9ms) [cache miss]
  Rendered ideas/new.html.erb within layouts/application (23.2ms)
Completed 200 OK in 52ms (Views: 39.2ms | ActiveRecord: 1.7ms)


Started GET "/ideas" for 127.0.0.1 at 2017-06-08 17:41:36 +0530
Processing by IdeasController#index as HTML
  Rendering ideas/index.html.erb within layouts/application
  [1m[36mIdea Load (0.2ms)[0m  [1m[34mSELECT "ideas".* FROM "ideas"[0m
  Rendered ideas/index.html.erb within layouts/application (1.5ms)
Completed 200 OK in 27ms (Views: 21.9ms | ActiveRecord: 0.2ms)


Started GET "/ideas/new" for 127.0.0.1 at 2017-06-08 17:41:39 +0530
Processing by IdeasController#new as HTML
  Rendering ideas/new.html.erb within layouts/application
  Rendered ideas/_form.html.erb (2.4ms) [cache miss]
  Rendered ideas/new.html.erb within layouts/application (5.4ms)
Completed 200 OK in 30ms (Views: 27.2ms | ActiveRecord: 0.0ms)


Started GET "/ideas" for 127.0.0.1 at 2017-06-08 17:41:41 +0530
Processing by IdeasController#index as HTML
  Rendering ideas/index.html.erb within layouts/application
  [1m[36mIdea Load (0.2ms)[0m  [1m[34mSELECT "ideas".* FROM "ideas"[0m
  Rendered ideas/index.html.erb within layouts/application (2.0ms)
Completed 200 OK in 45ms (Views: 40.6ms | ActiveRecord: 0.2ms)


Started GET "/ideas/new" for 127.0.0.1 at 2017-06-08 17:43:11 +0530
Processing by IdeasController#new as HTML
  Rendering ideas/new.html.erb within layouts/application
  Rendered ideas/_form.html.erb (9.3ms) [cache miss]
  Rendered ideas/new.html.erb within layouts/application (11.2ms)
Completed 200 OK in 47ms (Views: 30.4ms | ActiveRecord: 1.3ms)


Started GET "/" for 127.0.0.1 at 2017-06-08 17:45:08 +0530
Started GET "/ideas" for 127.0.0.1 at 2017-06-08 17:45:08 +0530
Processing by IdeasController#index as HTML
  Rendering ideas/index.html.erb within layouts/application
  [1m[36mIdea Load (0.1ms)[0m  [1m[34mSELECT "ideas".* FROM "ideas"[0m
  Rendered ideas/index.html.erb within layouts/application (2.7ms)
Completed 200 OK in 30ms (Views: 21.4ms | ActiveRecord: 0.6ms)


Started GET "/" for 127.0.0.1 at 2017-06-08 17:45:10 +0530
Started GET "/ideas" for 127.0.0.1 at 2017-06-08 17:45:10 +0530
Processing by IdeasController#index as HTML
  Rendering ideas/index.html.erb within layouts/application
  [1m[36mIdea Load (0.2ms)[0m  [1m[34mSELECT "ideas".* FROM "ideas"[0m
  Rendered ideas/index.html.erb within layouts/application (1.7ms)
Completed 200 OK in 26ms (Views: 22.4ms | ActiveRecord: 0.2ms)


Started GET "/" for 127.0.0.1 at 2017-06-08 17:45:12 +0530
Started GET "/ideas" for 127.0.0.1 at 2017-06-08 17:45:12 +0530
Processing by IdeasController#index as HTML
  Rendering ideas/index.html.erb within layouts/application
  [1m[36mIdea Load (0.2ms)[0m  [1m[34mSELECT "ideas".* FROM "ideas"[0m
  Rendered ideas/index.html.erb within layouts/application (2.4ms)
Completed 200 OK in 38ms (Views: 35.1ms | ActiveRecord: 0.2ms)


Started GET "/" for 127.0.0.1 at 2017-06-08 17:45:12 +0530
Started GET "/ideas" for 127.0.0.1 at 2017-06-08 17:45:12 +0530
Processing by IdeasController#index as HTML
  Rendering ideas/index.html.erb within layouts/application
  [1m[36mIdea Load (0.2ms)[0m  [1m[34mSELECT "ideas".* FROM "ideas"[0m
  Rendered ideas/index.html.erb within layouts/application (1.9ms)
Completed 200 OK in 32ms (Views: 27.6ms | ActiveRecord: 0.2ms)


Started GET "/" for 127.0.0.1 at 2017-06-08 17:45:19 +0530
Started GET "/ideas" for 127.0.0.1 at 2017-06-08 17:45:19 +0530
Processing by IdeasController#index as HTML
  Rendering ideas/index.html.erb within layouts/application
  [1m[36mIdea Load (0.3ms)[0m  [1m[34mSELECT "ideas".* FROM "ideas"[0m
  Rendered ideas/index.html.erb within layouts/application (2.8ms)
Completed 200 OK in 37ms (Views: 32.3ms | ActiveRecord: 0.3ms)


Started GET "/" for 127.0.0.1 at 2017-06-08 17:45:27 +0530
Started GET "/ideas" for 127.0.0.1 at 2017-06-08 17:45:27 +0530
Processing by IdeasController#index as HTML
  Rendering ideas/index.html.erb within layouts/application
  [1m[36mIdea Load (0.3ms)[0m  [1m[34mSELECT "ideas".* FROM "ideas"[0m
  Rendered ideas/index.html.erb within layouts/application (2.3ms)
Completed 200 OK in 34ms (Views: 31.6ms | ActiveRecord: 0.3ms)


Started GET "/ideas" for 127.0.0.1 at 2017-06-08 17:45:31 +0530
Processing by IdeasController#index as HTML
  Rendering ideas/index.html.erb within layouts/application
  [1m[36mIdea Load (0.2ms)[0m  [1m[34mSELECT "ideas".* FROM "ideas"[0m
  Rendered ideas/index.html.erb within layouts/application (2.1ms)
Completed 200 OK in 39ms (Views: 35.8ms | ActiveRecord: 0.2ms)


Started GET "/" for 127.0.0.1 at 2017-06-08 17:45:33 +0530
Started GET "/ideas" for 127.0.0.1 at 2017-06-08 17:45:33 +0530
Processing by IdeasController#index as HTML
  Rendering ideas/index.html.erb within layouts/application
  [1m[36mIdea Load (0.4ms)[0m  [1m[34mSELECT "ideas".* FROM "ideas"[0m
  Rendered ideas/index.html.erb within layouts/application (2.1ms)
Completed 200 OK in 34ms (Views: 30.0ms | ActiveRecord: 0.4ms)


Started GET "/" for 127.0.0.1 at 2017-06-08 18:05:48 +0530
Started GET "/ideas" for 127.0.0.1 at 2017-06-08 18:05:48 +0530
Processing by IdeasController#index as HTML
  Rendering ideas/index.html.erb within layouts/application
  [1m[36mIdea Load (0.1ms)[0m  [1m[34mSELECT "ideas".* FROM "ideas"[0m
  Rendered ideas/index.html.erb within layouts/application (3.3ms)
Completed 200 OK in 87ms (Views: 73.2ms | ActiveRecord: 0.7ms)


